<?xml version="1.0" encoding="UTF-8"?>
<testng-results skipped="0" failed="0" ignored="0" total="1" passed="1">
  <reporter-output>
    <line>
      <![CDATA[hi]]>
    </line>
  </reporter-output>
  <suite name="Suite" duration-ms="5097" started-at="2017-02-16T17:22:30Z" finished-at="2017-02-16T17:22:35Z">
    <groups>
    </groups>
    <test name="Test" duration-ms="5097" started-at="2017-02-16T17:22:30Z" finished-at="2017-02-16T17:22:35Z">
      <class name="qsp.Demo">
        <test-method status="PASS" signature="m1()[pri:0, instance:qsp.Demo@5d5eef3d]" name="m1" is-config="true" duration-ms="4960" started-at="2017-02-16T22:52:30Z" finished-at="2017-02-16T22:52:35Z">
          <reporter-output>
          </reporter-output>
        </test-method> <!-- m1 -->
        <test-method status="PASS" signature="m3()[pri:0, instance:qsp.Demo@5d5eef3d]" name="m3" duration-ms="5" started-at="2017-02-16T22:52:35Z" finished-at="2017-02-16T22:52:35Z">
          <reporter-output>
            <line>
              <![CDATA[hi]]>
            </line>
          </reporter-output>
        </test-method> <!-- m3 -->
        <test-method status="PASS" signature="m2()[pri:0, instance:qsp.Demo@5d5eef3d]" name="m2" is-config="true" duration-ms="109" started-at="2017-02-16T22:52:35Z" finished-at="2017-02-16T22:52:35Z">
          <reporter-output>
          </reporter-output>
        </test-method> <!-- m2 -->
      </class> <!-- qsp.Demo -->
    </test> <!-- Test -->
  </suite> <!-- Suite -->
</testng-results>
